Performing C SOURCE FILE Test CMAKE_HAVE_LIBC_PTHREAD failed with the following output:
Change Dir: /cs/usr/davidponar/OS-HUJI-Course/ex3/cmake-build-debug/CMakeFiles/CMakeTmp

Run Build Command(s):/usr/bin/make cmTC_abc4e/fast && /usr/bin/make  -f CMakeFiles/cmTC_abc4e.dir/build.make CMakeFiles/cmTC_abc4e.dir/build
make[1]: Entering directory '/cs/usr/davidponar/OS-HUJI-Course/ex3/cmake-build-debug/CMakeFiles/CMakeTmp'
Building C object CMakeFiles/cmTC_abc4e.dir/src.c.o
/usr/bin/cc   -DCMAKE_HAVE_LIBC_PTHREAD   -o CMakeFiles/cmTC_abc4e.dir/src.c.o   -c /cs/usr/davidponar/OS-HUJI-Course/ex3/cmake-build-debug/CMakeFiles/CMakeTmp/src.c
Linking C executable cmTC_abc4e
/usr/local/APP/jetbrains/clion/2020.2/bin/cmake/linux/bin/cmake -E cmake_link_script CMakeFiles/cmTC_abc4e.dir/link.txt --verbose=1
/usr/bin/cc  -DCMAKE_HAVE_LIBC_PTHREAD    -rdynamic CMakeFiles/cmTC_abc4e.dir/src.c.o  -o cmTC_abc4e 
/usr/bin/ld: CMakeFiles/cmTC_abc4e.dir/src.c.o: in function `main':
src.c:(.text+0x2f): undefined reference to `pthread_create'
/usr/bin/ld: src.c:(.text+0x3b): undefined reference to `pthread_detach'
/usr/bin/ld: src.c:(.text+0x47): undefined reference to `pthread_cancel'
/usr/bin/ld: src.c:(.text+0x58): undefined reference to `pthread_join'
collect2: error: ld returned 1 exit status
make[1]: *** [CMakeFiles/cmTC_abc4e.dir/build.make:107: cmTC_abc4e] Error 1
make[1]: Leaving directory '/cs/usr/davidponar/OS-HUJI-Course/ex3/cmake-build-debug/CMakeFiles/CMakeTmp'
make: *** [Makefile:141: cmTC_abc4e/fast] Error 2


Source file was:
#include <pthread.h>

void* test_func(void* data)
{
  return data;
}

int main(void)
{
  pthread_t thread;
  pthread_create(&thread, NULL, test_func, NULL);
  pthread_detach(thread);
  pthread_cancel(thread);
  pthread_join(thread, NULL);
  pthread_atfork(NULL, NULL, NULL);
  pthread_exit(NULL);

  return 0;
}

Determining if the function pthread_create exists in the pthreads failed with the following output:
Change Dir: /cs/usr/davidponar/OS-HUJI-Course/ex3/cmake-build-debug/CMakeFiles/CMakeTmp

Run Build Command(s):/usr/bin/make cmTC_cdb13/fast && /usr/bin/make  -f CMakeFiles/cmTC_cdb13.dir/build.make CMakeFiles/cmTC_cdb13.dir/build
make[1]: Entering directory '/cs/usr/davidponar/OS-HUJI-Course/ex3/cmake-build-debug/CMakeFiles/CMakeTmp'
Building C object CMakeFiles/cmTC_cdb13.dir/CheckFunctionExists.c.o
/usr/bin/cc   -DCHECK_FUNCTION_EXISTS=pthread_create   -o CMakeFiles/cmTC_cdb13.dir/CheckFunctionExists.c.o   -c /usr/local/APP/jetbrains/clion/2020.2/bin/cmake/linux/share/cmake-3.17/Modules/CheckFunctionExists.c
Linking C executable cmTC_cdb13
/usr/local/APP/jetbrains/clion/2020.2/bin/cmake/linux/bin/cmake -E cmake_link_script CMakeFiles/cmTC_cdb13.dir/link.txt --verbose=1
/usr/bin/cc  -DCHECK_FUNCTION_EXISTS=pthread_create    -rdynamic CMakeFiles/cmTC_cdb13.dir/CheckFunctionExists.c.o  -o cmTC_cdb13  -lpthreads 
/usr/bin/ld: cannot find -lpthreads
collect2: error: ld returned 1 exit status
make[1]: *** [CMakeFiles/cmTC_cdb13.dir/build.make:107: cmTC_cdb13] Error 1
make[1]: Leaving directory '/cs/usr/davidponar/OS-HUJI-Course/ex3/cmake-build-debug/CMakeFiles/CMakeTmp'
make: *** [Makefile:141: cmTC_cdb13/fast] Error 2



